{"method":"GET","url":"/common/getServiceZones","status":"403","responseTime":"2.252"}
{"method":"POST","url":"/supplier/signin","status":"401","responseTime":"334.124"}
{"method":"POST","url":"/consumer/signin","status":"200","responseTime":"30.707"}
{"method":"GET","url":"/common/getServiceZones","status":"403","responseTime":"0.299"}
{"method":"GET","url":"/common/getServiceZones","status":"200","responseTime":"18.190"}
{"method":"GET","url":"/common/getAllTrashCategories","status":"200","responseTime":"23.851"}
{"method":"POST","url":"/consumer/signin","status":"200","responseTime":"112.279"}
{"method":"GET","url":"/common/getServiceZones","status":"403","responseTime":"0.859"}
{"method":"GET","url":"/common/getServiceZones","status":"403","responseTime":"0.402"}
{"method":"GET","url":"/common/getServiceZones","status":"200","responseTime":"5.664"}
{"method":"GET","url":"/common/getServiceZones","status":"403","responseTime":"0.674"}
{"method":"GET","url":"/common/getServiceZones","status":"403","responseTime":"0.274"}
{"method":"GET","url":"/common/getServiceZones","status":"403","responseTime":"0.257"}
{"method":"GET","url":"/common/getServiceZones","status":"200","responseTime":"3.566"}
{"method":"GET","url":"/common/getAllTrashCategories","status":"200","responseTime":"7.605"}
{"method":"GET","url":"/common/getAllTrashCategories","status":"200","responseTime":"4.602"}
{"method":"GET","url":"/common/getAllTrashCategories","status":"200","responseTime":"3.900"}
{"method":"GET","url":"/common/getAllRecyclingCategories","status":"200","responseTime":"26.783"}
{"method":"GET","url":"/common/getServiceZones","status":"200","responseTime":"3.777"}
{"method":"GET","url":"/common/getServiceZones","status":"403","responseTime":"0.275"}
{"method":"GET","url":"/common/getServiceZones","status":"200","responseTime":"2.875"}
{"method":"POST","url":"/consumer/signup","status":"500","responseTime":"13.050"}
{"method":"POST","url":"/consumer/signup","status":"500","responseTime":"2.437"}
{"method":"POST","url":"/consumer/signup","status":"500","responseTime":"1212.664"}
{"method":"GET","url":"/consumer/showcart","status":"403","responseTime":"1.330"}
{"method":"GET","url":"/consumer/showcart","status":"403","responseTime":"1.533"}
{"method":"POST","url":"/consumer/signup","status":"500","responseTime":"1516.826"}
{"method":"POST","url":"/consumer/signup","status":"200","responseTime":"3147.402"}
{"method":"POST","url":"/consumer/verifyEmail","status":"403","responseTime":"2.356"}
{"method":"POST","url":"/consumer/verifyEmail","status":"400","responseTime":"11.662"}
{"method":"POST","url":"/consumer/verifyEmail","status":"400","responseTime":"2.430"}
{"method":"POST","url":"/consumer/verifyEmail","status":"500","responseTime":"48.319"}
{"method":"POST","url":"/consumer/verifyEmail","status":"400","responseTime":"33.846"}
{"method":"POST","url":"/consumer/signup","status":"200","responseTime":"4323.249"}
{"method":"POST","url":"/consumer/verifyEmail","status":"201","responseTime":"121.129"}
{"method":"POST","url":"/consumer/signup","status":"200","responseTime":"3534.711"}
{"method":"POST","url":"/consumer/signup","status":"200","responseTime":"3408.897"}
{"method":"POST","url":"/consumer/signup","status":"200","responseTime":"2696.016"}
{"method":"POST","url":"/consumer/signup","status":"200","responseTime":"2661.580"}
{"method":"POST","url":"/consumer/signup","status":"200","responseTime":"3297.351"}
{"method":"POST","url":"/consumer/signup","status":"200","responseTime":"2437.871"}
{"method":"POST","url":"/consumer/signup","status":"200","responseTime":"2356.558"}
{"method":"POST","url":"/consumer/signup","status":"200","responseTime":"2427.271"}
{"method":"GET","url":"/common/getRecySubCategoriesByCatId/1","status":"500","responseTime":"96.888"}
{"method":"GET","url":"/common/getRecySubCategoriesByCatId/1","status":"200","responseTime":"56.145"}
{"method":"GET","url":"/common/getTrashSubCategoriesByCatId/1","status":"200","responseTime":"13.404"}
{"method":"GET","url":"/common/getAllTrashCategories","status":"200","responseTime":"25.380"}
{"method":"GET","url":"/common/getTrashSubCategoriesByCatId/1","status":"200","responseTime":"4.316"}
{"method":"GET","url":"/common/getAllRecyclingCategories","status":"200","responseTime":"30.499"}
{"method":"GET","url":"/common/getServiceZones","status":"200","responseTime":"22.060"}
{"method":"GET","url":"/common/getAllTrashSubCategories","status":"200","responseTime":"7.927"}
{"method":"GET","url":"/common/getAllRecyclingSubCategories","status":"200","responseTime":"8.605"}
{"method":"GET","url":"/common/getRecySubCategoriesByCatId/1","status":"200","responseTime":"6.396"}
{"method":"POST","url":"/common/findServiceByPincode","status":"200","responseTime":"47.561"}
{"method":"GET","url":"/common/getAllTrashCategories","status":"200","responseTime":"103.874"}
{"method":"GET","url":"/common/getTrashSubCategoriesByCatId/1","status":"200","responseTime":"10.338"}
{"method":"GET","url":"/common/getAllRecyclingCategories","status":"200","responseTime":"8.584"}
{"method":"GET","url":"/common/getServiceZones","status":"200","responseTime":"7.543"}
{"method":"GET","url":"/common/getAllTrashSubCategories","status":"200","responseTime":"5.231"}
{"method":"GET","url":"/common/getAllRecyclingSubCategories","status":"200","responseTime":"8.577"}
{"method":"GET","url":"/common/getRecySubCategoriesByCatId/1","status":"200","responseTime":"6.422"}
{"method":"POST","url":"/common/findServiceByPincode","status":"200","responseTime":"34.896"}
{"method":"POST","url":"/consumer/signin","status":"200","responseTime":"56.625"}
{"method":"POST","url":"/consumer/signup","status":"200","responseTime":"4949.564"}
{"method":"PUT","url":"/consumer/update/1","status":"403","responseTime":"1.523"}
{"method":"GET","url":"/consumer/showcart","status":"403","responseTime":"0.427"}
{"method":"POST","url":"/consumer/addcart/1","status":"403","responseTime":"1.019"}
{"method":"DELETE","url":"/consumer/removecart/3","status":"403","responseTime":"1.075"}
{"method":"GET","url":"/consumer/delivery","status":"403","responseTime":"0.521"}
{"method":"POST","url":"/consumer/delivery","status":"403","responseTime":"1.263"}
{"method":"PUT","url":"/consumer/delivery/1","status":"403","responseTime":"1.062"}
{"method":"DELETE","url":"/consumer/delivery/1","status":"403","responseTime":"0.509"}
{"method":"POST","url":"/consumer/placeorder","status":"403","responseTime":"1.913"}
{"method":"GET","url":"/consumer/orders/1","status":"403","responseTime":"0.405"}
{"method":"POST","url":"/consumer/orderdetail","status":"403","responseTime":"1.092"}
{"method":"PATCH","url":"/consumer/uploadimg/1","status":"403","responseTime":"0.877"}
{"method":"POST","url":"/consumer/verifyEmail","status":"400","responseTime":"2.098"}
{"method":"POST","url":"/supplier/signin","status":"401","responseTime":"30.493"}
{"method":"POST","url":"/supplier/signup","status":"500","responseTime":"36.745"}
{"method":"PUT","url":"/supplier/update/1","status":"403","responseTime":"0.967"}
{"method":"GET","url":"/supplier/showcart","status":"403","responseTime":"0.400"}
{"method":"POST","url":"/supplier/addcart/1","status":"403","responseTime":"0.872"}
{"method":"DELETE","url":"/supplier/removecart/2","status":"403","responseTime":"0.933"}
{"method":"GET","url":"/supplier/pickup","status":"403","responseTime":"0.425"}
{"method":"POST","url":"/supplier/pickup","status":"403","responseTime":"0.823"}
{"method":"PUT","url":"/supplier/pickup/1","status":"403","responseTime":"1.151"}
{"method":"DELETE","url":"/supplier/pickup/2","status":"403","responseTime":"0.324"}
{"method":"POST","url":"/consumer/signin","status":"200","responseTime":"6.495"}
{"method":"GET","url":"/consumer/email","status":"400","responseTime":"12.684"}
{"method":"GET","url":"/consumer/email","status":"500","responseTime":"107.378"}
{"method":"GET","url":"/consumer/email","status":"500","responseTime":"39.467"}
{"method":"GET","url":"/consumer/email","status":"500","responseTime":"45.510"}
{"method":"GET","url":"/consumer/email","status":"404","responseTime":"126.461"}
{"method":"GET","url":"/consumer/email","status":"200","responseTime":"8.571"}
{"method":"GET","url":"/supplier/mobile","status":"403","responseTime":"0.940"}
{"method":"POST","url":"/supplier/signin","status":"401","responseTime":"10.888"}
{"method":"POST","url":"/supplier/signup","status":"500","responseTime":"11.048"}
{"method":"POST","url":"/supplier/signup","status":"201","responseTime":"52.005"}
{"method":"POST","url":"/supplier/signup","status":"201","responseTime":"11.812"}
{"method":"POST","url":"/supplier/signup","status":"201","responseTime":"10.121"}
{"method":"POST","url":"/consumer/signin","status":"200","responseTime":"14.895"}
{"method":"PUT","url":"/consumer/update/1","status":"200","responseTime":"9.835"}
{"method":"GET","url":"/consumer/showcart","status":"404","responseTime":"16.672"}
{"method":"POST","url":"/consumer/addcart/1","status":"201","responseTime":"8.865"}
{"method":"GET","url":"/consumer/delivery","status":"200","responseTime":"20.945"}
{"method":"POST","url":"/consumer/delivery","status":"201","responseTime":"9.125"}
{"method":"POST","url":"/consumer/delivery","status":"201","responseTime":"9.791"}
{"method":"POST","url":"/consumer/delivery","status":"201","responseTime":"9.456"}
{"method":"PUT","url":"/consumer/delivery/1","status":"404","responseTime":"6.110"}
{"method":"GET","url":"/consumer/orders/1","status":"200","responseTime":"29.106"}
{"method":"POST","url":"/consumer/orderdetail","status":"200","responseTime":"4.204"}
{"method":"PATCH","url":"/consumer/uploadimg/1","status":"400","responseTime":"2.572"}
{"method":"POST","url":"/consumer/verifyEmail","status":"400","responseTime":"1.600"}
{"method":"GET","url":"/consumer/email","status":"200","responseTime":"3.982"}
{"method":"GET","url":"/consumer/showcart","status":"200","responseTime":"2.181"}
{"method":"POST","url":"/supplier/signin","status":"401","responseTime":"4.631"}
{"method":"POST","url":"/supplier/signup","status":"201","responseTime":"6.153"}
{"method":"POST","url":"/supplier/signin","status":"200","responseTime":"4.129"}
{"method":"PUT","url":"/supplier/update/1","status":"200","responseTime":"5.070"}
{"method":"GET","url":"/supplier/showcart","status":"200","responseTime":"21.671"}
{"method":"POST","url":"/supplier/addcart/1","status":"201","responseTime":"9.807"}
{"method":"GET","url":"/supplier/showcart","status":"200","responseTime":"2.126"}
{"method":"POST","url":"/supplier/signup","status":"201","responseTime":"10.143"}
{"method":"POST","url":"/consumer/signup","status":"200","responseTime":"4055.683"}
{"method":"POST","url":"/consumer/signup","status":"200","responseTime":"2742.285"}
{"method":"POST","url":"/consumer/verifyEmail","status":"400","responseTime":"2.709"}
{"method":"POST","url":"/consumer/verifyEmail","status":"400","responseTime":"50.500"}
{"method":"POST","url":"/consumer/verifyEmail","status":"400","responseTime":"38.053"}
{"method":"POST","url":"/consumer/verifyEmail","status":"400","responseTime":"3.657"}
{"method":"POST","url":"/consumer/signup","status":"200","responseTime":"4333.323"}
{"method":"POST","url":"/consumer/verifyEmail","status":"201","responseTime":"70.653"}
{"method":"GET","url":"/consumer/showcart","status":"400","responseTime":"41.706"}
{"method":"GET","url":"/consumer/showcart","status":"400","responseTime":"32.626"}
{"method":"GET","url":"/consumer/showcart/1","status":"400","responseTime":"88.959"}
{"method":"GET","url":"/consumer/showcart/1","status":"400","responseTime":"30.030"}
{"method":"GET","url":"/consumer/showcart/1","status":"404","responseTime":"39.047"}
{"method":"GET","url":"/consumer/email","status":"404","responseTime":"31.406"}
{"method":"GET","url":"/consumer/showcart/1","status":"404","responseTime":"31.676"}
{"method":"GET","url":"/supplier/showcart/","status":"404","responseTime":"4.851"}
{"method":"GET","url":"/supplier/showcart/1","status":"404","responseTime":"84.630"}
{"method":"POST","url":"/consumer/signin","status":"200","responseTime":"129.138"}
{"method":"PUT","url":"/consumer/update/1","status":"200","responseTime":"131.968"}
{"method":"POST","url":"/consumer/addcart/1","status":"400","responseTime":"10.460"}
{"method":"POST","url":"/consumer/addcart/1","status":"400","responseTime":"39.065"}
{"method":"POST","url":"/consumer/addcart/1","status":"400","responseTime":"50.974"}
{"method":"POST","url":"/consumer/addcart/1","status":"400","responseTime":"6.428"}
{"method":"POST","url":"/consumer/addcart/1","status":"400","responseTime":"7.471"}
{"method":"POST","url":"/consumer/addcart/1","status":"400","responseTime":"7.835"}
{"method":"POST","url":"/consumer/addcart/1","status":"201","responseTime":"8.516"}
{"method":"GET","url":"/consumer/showcart/1","status":"200","responseTime":"7.283"}
{"method":"POST","url":"/consumer/addcart/3","status":"201","responseTime":"8.306"}
{"method":"GET","url":"/consumer/showcart/1","status":"200","responseTime":"3.140"}
{"method":"GET","url":"/consumer/email","status":"404","responseTime":"7.250"}
{"method":"GET","url":"/consumer/email","status":"200","responseTime":"2.825"}
{"method":"DELETE","url":"/consumer/removecart/3","status":"404","responseTime":"5.306"}
{"method":"DELETE","url":"/consumer/removecart/2","status":"404","responseTime":"3.255"}
{"method":"GET","url":"/consumer/showcart/1","status":"200","responseTime":"4.125"}
{"method":"DELETE","url":"/consumer/removecart/5","status":"200","responseTime":"8.967"}
{"method":"GET","url":"/consumer/delivery","status":"200","responseTime":"6.532"}
{"method":"POST","url":"/consumer/delivery","status":"201","responseTime":"9.991"}
{"method":"PUT","url":"/consumer/delivery/1","status":"200","responseTime":"8.705"}
{"method":"DELETE","url":"/consumer/delivery/6","status":"200","responseTime":"9.324"}
{"method":"POST","url":"/consumer/placeorder","status":"500","responseTime":"3.254"}
{"method":"POST","url":"/consumer/placeorder","status":"500","responseTime":"8.159"}
{"method":"POST","url":"/consumer/placeorder","status":"500","responseTime":"44.176"}
{"method":"POST","url":"/consumer/placeorder","status":"500","responseTime":"57.098"}
{"method":"POST","url":"/consumer/placeorder","status":"400","responseTime":"120.566"}
{"method":"GET","url":"/consumer/showcart/1","status":"404","responseTime":"12.696"}
{"method":"POST","url":"/consumer/addcart/1","status":"201","responseTime":"11.134"}
{"method":"POST","url":"/consumer/placeorder","status":"400","responseTime":"51.652"}
{"method":"GET","url":"/consumer/showcart/1","status":"404","responseTime":"4.130"}
{"method":"GET","url":"/consumer/showcart/1","status":"404","responseTime":"3.443"}
{"method":"GET","url":"/consumer/showcart/1","status":"404","responseTime":"2.141"}
{"method":"GET","url":"/consumer/showcart/1","status":"404","responseTime":"2.346"}
{"method":"GET","url":"/consumer/showcart/5","status":"404","responseTime":"4.856"}
{"method":"GET","url":"/consumer/showcart/7","status":"404","responseTime":"3.621"}
{"method":"GET","url":"/consumer/showcart/8","status":"404","responseTime":"5.122"}
{"method":"POST","url":"/consumer/addcart/1","status":"201","responseTime":"9.321"}
{"method":"POST","url":"/consumer/addcart/1","status":"201","responseTime":"7.431"}
{"method":"GET","url":"/consumer/showcart/1","status":"200","responseTime":"4.760"}
{"method":"POST","url":"/consumer/placeorder","status":"400","responseTime":"53.772"}
{"method":"POST","url":"/consumer/placeorder","status":"200","responseTime":"145.611"}
{"method":"GET","url":"/consumer/orders/1","status":"200","responseTime":"15.076"}
{"method":"POST","url":"/consumer/orderdetail","status":"200","responseTime":"13.086"}
{"method":"PATCH","url":"/consumer/uploadimg/1","status":"400","responseTime":"2.105"}
{"method":"PATCH","url":"/consumer/uploadimg/1","status":"200","responseTime":"28.866"}
{"method":"POST","url":"/supplier/signup","status":"201","responseTime":"29.002"}
{"method":"POST","url":"/supplier/signin","status":"200","responseTime":"6.526"}
{"method":"PUT","url":"/supplier/update/1","status":"200","responseTime":"11.693"}
{"method":"GET","url":"/supplier/showcart/1","status":"404","responseTime":"6.902"}
{"method":"POST","url":"/supplier/addcart/1","status":"500","responseTime":"11.921"}
{"method":"POST","url":"/supplier/addcart/1","status":"201","responseTime":"14.321"}
{"method":"GET","url":"/supplier/pickup","status":"200","responseTime":"6.490"}
{"method":"POST","url":"/supplier/pickup","status":"201","responseTime":"9.250"}
{"method":"PUT","url":"/supplier/pickup/1","status":"200","responseTime":"9.883"}
{"method":"GET","url":"/supplier/showcart/1","status":"200","responseTime":"3.602"}
{"method":"POST","url":"/supplier/placeorder","status":"200","responseTime":"53.860"}
{"method":"POST","url":"/consumer/placeorder","status":"200","responseTime":"56.278"}
{"method":"POST","url":"/supplier/placeorder","status":"200","responseTime":"57.771"}
{"method":"GET","url":"/supplier/orders/1","status":"200","responseTime":"6.888"}
{"method":"POST","url":"/supplier/orderdetail","status":"200","responseTime":"5.836"}
{"method":"POST","url":"/supplier/orderdetail","status":"200","responseTime":"3.610"}
{"method":"POST","url":"/supplier/orderdetail","status":"200","responseTime":"4.088"}
{"method":"GET","url":"/supplier/mobile","status":"500","responseTime":"34.677"}
{"method":"GET","url":"/supplier/mobile","status":"500","responseTime":"1.696"}
{"method":"GET","url":"/supplier/mobile","status":"500","responseTime":"3.698"}
{"method":"GET","url":"/supplier/mobile","status":"500","responseTime":"72.856"}
{"method":"GET","url":"/supplier/mobile","status":"200","responseTime":"54.949"}
{"method":"POST","url":"/consumer/signup","status":"200","responseTime":"2424.956"}
{"method":"POST","url":"/consumer/signin","status":"500","responseTime":"108.680"}
{"method":"POST","url":"/consumer/signin","status":"200","responseTime":"145.822"}
{"method":"GET","url":"/common/getAllRecyclingCategories","status":"403","responseTime":"0.373"}
{"method":"GET","url":"/common/getAllRecyclingCategories","status":"200","responseTime":"63.880"}
{"method":"GET","url":"/common/getAllRecyclingSubCategories","status":"403","responseTime":"21.587"}
{"method":"GET","url":"/common/getAllRecyclingSubCategories","status":"200","responseTime":"150.143"}
{"method":"OPTIONS","url":"/consumer/signin","status":"200","responseTime":"9.524"}
{"method":"POST","url":"/consumer/signin","status":"200","responseTime":"67.005"}
{"method":"OPTIONS","url":"/consumer/signin","status":"200","responseTime":"3.500"}
{"method":"POST","url":"/consumer/signin","status":"200","responseTime":"42.637"}
{"method":"GET","url":"/","status":"403","responseTime":"2.682"}
{"method":"GET","url":"/favicon.ico","status":"403","responseTime":"0.887"}
{"method":"GET","url":"/","status":"403","responseTime":"1.003"}
{"method":"GET","url":"/favicon.ico","status":"403","responseTime":"1.197"}
{"method":"OPTIONS","url":"/consumer/signin","status":"200","responseTime":"4.994"}
{"method":"POST","url":"/consumer/signin","status":"200","responseTime":"62.374"}
{"method":"OPTIONS","url":"/consumer/signin","status":"200","responseTime":"0.565"}
{"method":"POST","url":"/consumer/signin","status":"200","responseTime":"5.239"}
{"method":"OPTIONS","url":"/common/getAllTrashCategories","status":"403","responseTime":"0.341"}
{"method":"POST","url":"/consumer/signin","status":"200","responseTime":"135.612"}
{"method":"GET","url":"/common/getAllTrashCategories","status":"403","responseTime":"1.085"}
{"method":"POST","url":"/consumer/signin","status":"200","responseTime":"3.440"}
{"method":"GET","url":"/common/getAllTrashCategories","status":"200","responseTime":"40.955"}
{"method":"POST","url":"/consumer/signin","status":"200","responseTime":"54.744"}
{"method":"GET","url":"/common/getAllRecyclingCategories","status":"200","responseTime":"45.354"}
{"method":"POST","url":"/consumer/signin","status":"200","responseTime":"12.157"}
{"method":"GET","url":"/common/getAllRecyclingCategories","status":"304","responseTime":"14.614"}
{"method":"POST","url":"/consumer/signin","status":"200","responseTime":"17.044"}
{"method":"GET","url":"/common/getAllRecyclingCategories","status":"304","responseTime":"6.352"}
{"method":"POST","url":"/consumer/signin","status":"200","responseTime":"54.149"}
{"method":"GET","url":"/common/getAllRecyclingCategories","status":"304","responseTime":"11.344"}
{"method":"POST","url":"/consumer/signin","status":"200","responseTime":"44.224"}
{"method":"GET","url":"/common/getAllRecyclingCategories","status":"304","responseTime":"10.447"}
{"method":"POST","url":"/consumer/signin","status":"200","responseTime":"4.641"}
{"method":"GET","url":"/common/getAllRecyclingCategories","status":"304","responseTime":"3.704"}
{"method":"POST","url":"/consumer/signin","status":"200","responseTime":"10.664"}
{"method":"GET","url":"/common/getAllRecyclingCategories","status":"304","responseTime":"4.340"}
{"method":"GET","url":"/getAllSubCatByCatId/1","status":"404","responseTime":"29.334"}
{"method":"GET","url":"/common/getRecySubCategoriesByCatId/1","status":"403","responseTime":"0.536"}
{"method":"GET","url":"/common/getRecySubCategoriesByCatId/1","status":"200","responseTime":"67.778"}
{"method":"POST","url":"/consumer/signin","status":"200","responseTime":"6.952"}
{"method":"GET","url":"/common/getAllRecyclingCategories","status":"304","responseTime":"4.979"}
{"method":"GET","url":"/getAllSubCatByCatId/:1","status":"404","responseTime":"2.875"}
{"method":"POST","url":"/consumer/signin","status":"200","responseTime":"7.314"}
{"method":"GET","url":"/common/getAllRecyclingCategories","status":"304","responseTime":"3.836"}
{"method":"GET","url":"/common/getRecySubCategoriesByCatId/:1","status":"500","responseTime":"13.394"}
{"method":"POST","url":"/consumer/signin","status":"200","responseTime":"5.502"}
{"method":"GET","url":"/common/getAllRecyclingCategories","status":"304","responseTime":"3.560"}
{"method":"GET","url":"/common/getRecySubCategoriesByCatId/1","status":"200","responseTime":"6.511"}
{"method":"GET","url":"/common/getRecySubCategoriesByCatId/1/plastic_granules.jpg","status":"403","responseTime":"0.475"}
{"method":"GET","url":"/common/getRecySubCategoriesByCatId/1/plastic_powder.jpg","status":"403","responseTime":"0.238"}
{"method":"GET","url":"/common/getRecySubCategoriesByCatId/2","status":"200","responseTime":"5.841"}
{"method":"GET","url":"/common/getRecySubCategoriesByCatId/2/metal_sheets.jpg","status":"403","responseTime":"0.232"}
{"method":"GET","url":"/common/getRecySubCategoriesByCatId/2/metal_ingots.jpg","status":"403","responseTime":"0.268"}
{"method":"GET","url":"/common/getRecySubCategoriesByCatId/3","status":"200","responseTime":"4.713"}
{"method":"GET","url":"/common/getRecySubCategoriesByCatId/3/recycled_pulp.jpg","status":"403","responseTime":"0.200"}
{"method":"GET","url":"/common/getRecySubCategoriesByCatId/3/recycled_cardboard.jpg","status":"403","responseTime":"0.215"}
{"method":"GET","url":"/common/getRecySubCategoriesByCatId/6","status":"200","responseTime":"4.833"}
{"method":"GET","url":"/common/getRecySubCategoriesByCatId/6/organic_compost.jpg","status":"403","responseTime":"0.286"}
{"method":"GET","url":"/common/getRecySubCategoriesByCatId/6/biofertilizer.jpg","status":"403","responseTime":"0.701"}
{"method":"GET","url":"/common/getRecySubCategoriesByCatId/1","status":"304","responseTime":"63.142"}
{"method":"GET","url":"/common/getRecySubCategoriesByCatId/1/plastic_granules.jpg","status":"403","responseTime":"0.415"}
{"method":"GET","url":"/common/getRecySubCategoriesByCatId/1/plastic_powder.jpg","status":"403","responseTime":"0.275"}
{"method":"GET","url":"/common/getRecySubCategoriesByCatId/2","status":"304","responseTime":"4.429"}
{"method":"GET","url":"/common/getRecySubCategoriesByCatId/2/metal_ingots.jpg","status":"403","responseTime":"0.232"}
{"method":"GET","url":"/common/getRecySubCategoriesByCatId/2/metal_sheets.jpg","status":"403","responseTime":"0.451"}
{"method":"POST","url":"/consumer/signin","status":"200","responseTime":"37.880"}
{"method":"GET","url":"/common/getAllRecyclingCategories","status":"304","responseTime":"8.680"}
{"method":"GET","url":"/common/getRecySubCategoriesByCatId/1","status":"304","responseTime":"6.242"}
{"method":"GET","url":"/common/getRecySubCategoriesByCatId/1/plastic_granules.jpg","status":"403","responseTime":"0.293"}
{"method":"GET","url":"/common/getRecySubCategoriesByCatId/1/plastic_powder.jpg","status":"403","responseTime":"0.322"}
{"method":"POST","url":"/consumer/signin","status":"200","responseTime":"9.140"}
{"method":"GET","url":"/common/getAllRecyclingCategories","status":"304","responseTime":"5.895"}
{"method":"GET","url":"/common/getRecySubCategoriesByCatId/1","status":"304","responseTime":"7.394"}
{"method":"GET","url":"/common/getRecySubCategoriesByCatId/1/plastic_granules.jpg","status":"403","responseTime":"0.380"}
{"method":"GET","url":"/common/getRecySubCategoriesByCatId/1/plastic_powder.jpg","status":"403","responseTime":"0.419"}
{"method":"POST","url":"/consumer/signin","status":"200","responseTime":"2.964"}
{"method":"GET","url":"/common/getAllRecyclingCategories","status":"304","responseTime":"6.380"}
{"method":"GET","url":"/common/getRecySubCategoriesByCatId/1","status":"304","responseTime":"4.944"}
{"method":"GET","url":"/common/getRecySubCategoriesByCatId/1/plastic_granules.jpg","status":"403","responseTime":"0.327"}
{"method":"GET","url":"/common/getRecySubCategoriesByCatId/1/plastic_powder.jpg","status":"403","responseTime":"0.829"}
{"method":"POST","url":"/consumer/signin","status":"200","responseTime":"6.560"}
{"method":"GET","url":"/common/getAllRecyclingCategories","status":"304","responseTime":"46.696"}
{"method":"GET","url":"/common/getRecySubCategoriesByCatId/1","status":"304","responseTime":"6.351"}
{"method":"GET","url":"/common/getRecySubCategoriesByCatId/1/plastic_granules.jpg","status":"403","responseTime":"0.383"}
{"method":"GET","url":"/common/getRecySubCategoriesByCatId/1/plastic_powder.jpg","status":"403","responseTime":"1.093"}
{"method":"GET","url":"/common/getRecySubCategoriesByCatId/1","status":"304","responseTime":"81.127"}
{"method":"GET","url":"/common/getRecySubCategoriesByCatId/1/plastic_powder.jpg","status":"403","responseTime":"0.492"}
{"method":"GET","url":"/common/getRecySubCategoriesByCatId/1/plastic_granules.jpg","status":"403","responseTime":"0.401"}
{"method":"POST","url":"/consumer/signin","status":"200","responseTime":"16.480"}
{"method":"GET","url":"/common/getAllRecyclingCategories","status":"304","responseTime":"6.739"}
{"method":"POST","url":"/consumer/signin","status":"200","responseTime":"7.265"}
{"method":"GET","url":"/common/getAllRecyclingCategories","status":"304","responseTime":"7.628"}
{"method":"GET","url":"/common/getRecySubCategoriesByCatId/1","status":"304","responseTime":"10.708"}
{"method":"GET","url":"/common/getRecySubCategoriesByCatId/1/plastic_granules.jpg","status":"403","responseTime":"0.358"}
{"method":"GET","url":"/common/getRecySubCategoriesByCatId/1/plastic_powder.jpg","status":"403","responseTime":"0.249"}
{"method":"POST","url":"/consumer/signin","status":"200","responseTime":"4.105"}
{"method":"GET","url":"/common/getAllRecyclingCategories","status":"304","responseTime":"4.119"}
{"method":"POST","url":"/consumer/signin","status":"200","responseTime":"4.445"}
{"method":"GET","url":"/common/getAllRecyclingCategories","status":"304","responseTime":"5.122"}
{"method":"GET","url":"/common/getRecySubCategoriesByCatId/1","status":"304","responseTime":"5.518"}
{"method":"GET","url":"/common/getRecySubCategoriesByCatId/1/plastic_granules.jpg","status":"403","responseTime":"0.297"}
{"method":"GET","url":"/common/getRecySubCategoriesByCatId/1/plastic_powder.jpg","status":"403","responseTime":"0.320"}
{"method":"POST","url":"/consumer/signin","status":"200","responseTime":"26.400"}
{"method":"GET","url":"/common/getAllRecyclingCategories","status":"304","responseTime":"3.905"}
{"method":"GET","url":"/common/getRecySubCategoriesByCatId/1","status":"304","responseTime":"9.809"}
{"method":"GET","url":"/common/getRecySubCategoriesByCatId/1/plastic_granules.jpg","status":"403","responseTime":"0.527"}
{"method":"GET","url":"/common/getRecySubCategoriesByCatId/1/plastic_powder.jpg","status":"403","responseTime":"0.290"}
{"method":"GET","url":"/common/getRecySubCategoriesByCatId/2","status":"304","responseTime":"6.551"}
{"method":"GET","url":"/common/getRecySubCategoriesByCatId/2/metal_sheets.jpg","status":"403","responseTime":"0.459"}
{"method":"GET","url":"/common/getRecySubCategoriesByCatId/2/metal_ingots.jpg","status":"403","responseTime":"0.629"}
{"method":"POST","url":"/consumer/signin","status":"200","responseTime":"32.962"}
{"method":"GET","url":"/common/getAllRecyclingCategories","status":"304","responseTime":"7.684"}
{"method":"GET","url":"/common/getRecySubCategoriesByCatId/1","status":"304","responseTime":"6.808"}
{"method":"GET","url":"/common/getRecySubCategoriesByCatId/1/plastic_granules.jpg","status":"403","responseTime":"0.827"}
{"method":"GET","url":"/common/getRecySubCategoriesByCatId/1/plastic_powder.jpg","status":"403","responseTime":"1.029"}
{"method":"POST","url":"/consumer/signin","status":"200","responseTime":"52.714"}
{"method":"GET","url":"/common/getAllRecyclingCategories","status":"304","responseTime":"12.335"}
{"method":"GET","url":"/common/getRecySubCategoriesByCatId/1","status":"304","responseTime":"6.948"}
{"method":"GET","url":"/common/getRecySubCategoriesByCatId/1/plastic_granules.jpg","status":"403","responseTime":"0.354"}
{"method":"GET","url":"/common/getRecySubCategoriesByCatId/1/plastic_powder.jpg","status":"403","responseTime":"0.604"}
{"method":"GET","url":"/common/getRecySubCategoriesByCatId/2","status":"304","responseTime":"5.096"}
{"method":"GET","url":"/common/getRecySubCategoriesByCatId/2/metal_sheets.jpg","status":"403","responseTime":"0.723"}
{"method":"GET","url":"/common/getRecySubCategoriesByCatId/2/metal_ingots.jpg","status":"403","responseTime":"1.262"}
{"method":"POST","url":"/consumer/signin","status":"200","responseTime":"53.796"}
{"method":"GET","url":"/common/getAllRecyclingCategories","status":"304","responseTime":"14.530"}
{"method":"GET","url":"/common/getRecySubCategoriesByCatId/1","status":"304","responseTime":"11.852"}
{"method":"GET","url":"/common/getRecySubCategoriesByCatId/1/plastic_granules.jpg","status":"403","responseTime":"0.517"}
{"method":"GET","url":"/common/getRecySubCategoriesByCatId/1/plastic_powder.jpg","status":"403","responseTime":"0.372"}
{"method":"POST","url":"/consumer/addcart/1","status":"400","responseTime":"146.046"}
{"method":"POST","url":"/consumer/addcart/1","status":"403","responseTime":"2.205"}
{"method":"POST","url":"/consumer/addcart/1","status":"400","responseTime":"4.367"}
{"method":"POST","url":"/consumer/signin","status":"200","responseTime":"14.582"}
{"method":"GET","url":"/common/getAllRecyclingCategories","status":"304","responseTime":"4.361"}
{"method":"GET","url":"/common/getRecySubCategoriesByCatId/1","status":"304","responseTime":"6.407"}
{"method":"GET","url":"/common/getRecySubCategoriesByCatId/1/plastic_granules.jpg","status":"403","responseTime":"0.543"}
{"method":"GET","url":"/common/getRecySubCategoriesByCatId/1/plastic_powder.jpg","status":"403","responseTime":"0.529"}
{"method":"POST","url":"/consumer/addcart/1","status":"400","responseTime":"2.973"}
{"method":"POST","url":"/consumer/signin","status":"200","responseTime":"4.009"}
{"method":"POST","url":"/consumer/addcart/1","status":"400","responseTime":"1.643"}
{"method":"POST","url":"/consumer/addcart/1","status":"400","responseTime":"3.181"}
{"method":"POST","url":"/consumer/addcart/1","status":"400","responseTime":"1.409"}
{"method":"POST","url":"/consumer/addcart/1","status":"400","responseTime":"2.676"}
{"method":"POST","url":"/consumer/addcart/1","status":"400","responseTime":"4.759"}
{"method":"POST","url":"/consumer/addcart/1","status":"400","responseTime":"32.992"}
{"method":"POST","url":"/consumer/addcart/1","status":"400","responseTime":"2.113"}
{"method":"POST","url":"/consumer/signin","status":"200","responseTime":"42.463"}
{"method":"POST","url":"/consumer/signin","status":"200","responseTime":"2.775"}
{"method":"POST","url":"/consumer/signin","status":"200","responseTime":"18.469"}
{"method":"GET","url":"/common/getAllRecyclingCategories","status":"304","responseTime":"19.032"}
{"method":"POST","url":"/consumer/signin","status":"200","responseTime":"46.710"}
{"method":"POST","url":"/consumer/email","status":"403","responseTime":"1.499"}
{"method":"POST","url":"/consumer/signin","status":"200","responseTime":"4.305"}
{"method":"POST","url":"/consumer/email","status":"404","responseTime":"20.041"}
{"method":"POST","url":"/consumer/signin","status":"200","responseTime":"6.991"}
{"method":"POST","url":"/consumer/email","status":"404","responseTime":"2.408"}
{"method":"POST","url":"/consumer/signin","status":"200","responseTime":"4.458"}
{"method":"POST","url":"/consumer/email","status":"404","responseTime":"3.216"}
{"method":"GET","url":"/consumer/email","status":"403","responseTime":"1.794"}
{"method":"POST","url":"/consumer/signin","status":"200","responseTime":"6.234"}
{"method":"GET","url":"/consumer/email","status":"400","responseTime":"8.313"}
{"method":"GET","url":"/consumer/email","status":"200","responseTime":"49.992"}
{"method":"POST","url":"/consumer/signin","status":"200","responseTime":"5.285"}
{"method":"GET","url":"/consumer/email?email=mk%40gmail.com","status":"400","responseTime":"5.172"}
{"method":"POST","url":"/consumer/signin","status":"200","responseTime":"4.527"}
{"method":"GET","url":"/consumer/email?email=mk%40gmail.com","status":"400","responseTime":"1.329"}
{"method":"POST","url":"/consumer/signin","status":"200","responseTime":"113.612"}
{"method":"GET","url":"/consumer/email?email=mk%40gmail.com","status":"200","responseTime":"9.616"}
{"method":"GET","url":"/common/getAllRecyclingCategories","status":"304","responseTime":"23.302"}
{"method":"GET","url":"/common/getRecySubCategoriesByCatId/1","status":"304","responseTime":"22.506"}
{"method":"GET","url":"/common/getRecySubCategoriesByCatId/1/plastic_granules.jpg","status":"403","responseTime":"0.409"}
{"method":"GET","url":"/common/getRecySubCategoriesByCatId/1/plastic_powder.jpg","status":"403","responseTime":"0.468"}
{"method":"POST","url":"/consumer/addCart/1","status":"400","responseTime":"109.177"}
{"method":"POST","url":"/consumer/addcart/1","status":"400","responseTime":"2.218"}
{"method":"POST","url":"/consumer/addcart/18","status":"400","responseTime":"1.458"}
{"method":"POST","url":"/consumer/addcart/23","status":"400","responseTime":"1.936"}
{"method":"POST","url":"/consumer/addcart/2","status":"400","responseTime":"1.398"}
{"method":"POST","url":"/consumer/addcart/2","status":"400","responseTime":"1.918"}
{"method":"POST","url":"/consumer/addcart/2","status":"400","responseTime":"19.491"}
{"method":"POST","url":"/consumer/signin","status":"200","responseTime":"50.770"}
{"method":"GET","url":"/consumer/email?email=mk%40gmail.com","status":"304","responseTime":"5.024"}
{"method":"GET","url":"/common/getAllRecyclingCategories","status":"304","responseTime":"7.799"}
{"method":"GET","url":"/common/getRecySubCategoriesByCatId/1","status":"304","responseTime":"14.242"}
{"method":"GET","url":"/common/getRecySubCategoriesByCatId/1/plastic_granules.jpg","status":"403","responseTime":"1.159"}
{"method":"GET","url":"/common/getRecySubCategoriesByCatId/1/plastic_powder.jpg","status":"403","responseTime":"0.648"}
{"method":"POST","url":"/consumer/addCart/[object%20Object]","status":"403","responseTime":"0.827"}
{"method":"POST","url":"/consumer/addCart/[object%20Object]","status":"403","responseTime":"2.001"}
{"method":"POST","url":"/consumer/signin","status":"200","responseTime":"6.821"}
{"method":"GET","url":"/consumer/email?email=mk%40gmail.com","status":"304","responseTime":"3.544"}
{"method":"GET","url":"/common/getAllRecyclingCategories","status":"304","responseTime":"23.125"}
{"method":"GET","url":"/common/getRecySubCategoriesByCatId/1","status":"304","responseTime":"4.317"}
{"method":"GET","url":"/common/getRecySubCategoriesByCatId/1/plastic_granules.jpg","status":"403","responseTime":"0.282"}
{"method":"GET","url":"/common/getRecySubCategoriesByCatId/1/plastic_powder.jpg","status":"403","responseTime":"0.747"}
{"method":"POST","url":"/consumer/addCart/[object%20Object]","status":"400","responseTime":"8.417"}
{"method":"POST","url":"/consumer/signin","status":"200","responseTime":"4.970"}
{"method":"GET","url":"/consumer/email?email=mk%40gmail.com","status":"304","responseTime":"3.330"}
{"method":"GET","url":"/common/getAllRecyclingCategories","status":"304","responseTime":"4.472"}
{"method":"GET","url":"/common/getRecySubCategoriesByCatId/1","status":"304","responseTime":"2.853"}
{"method":"GET","url":"/common/getRecySubCategoriesByCatId/1/plastic_granules.jpg","status":"403","responseTime":"0.294"}
{"method":"GET","url":"/common/getRecySubCategoriesByCatId/1/plastic_powder.jpg","status":"403","responseTime":"0.573"}
{"method":"POST","url":"/consumer/addCart/[object%20Object]","status":"400","responseTime":"2.519"}
{"method":"POST","url":"/consumer/signin","status":"200","responseTime":"9.435"}
{"method":"GET","url":"/consumer/email?email=mk%40gmail.com","status":"304","responseTime":"4.288"}
{"method":"GET","url":"/common/getAllRecyclingCategories","status":"304","responseTime":"4.641"}
{"method":"GET","url":"/common/getRecySubCategoriesByCatId/1","status":"304","responseTime":"4.181"}
{"method":"GET","url":"/common/getRecySubCategoriesByCatId/1/plastic_granules.jpg","status":"403","responseTime":"0.483"}
{"method":"GET","url":"/common/getRecySubCategoriesByCatId/1/plastic_powder.jpg","status":"403","responseTime":"0.291"}
{"method":"POST","url":"/consumer/addCart/1","status":"400","responseTime":"66.824"}
{"method":"POST","url":"/consumer/addCart/2","status":"400","responseTime":"2.388"}
{"method":"POST","url":"/consumer/signin","status":"200","responseTime":"4.637"}
{"method":"GET","url":"/consumer/email?email=mk%40gmail.com","status":"304","responseTime":"2.443"}
{"method":"GET","url":"/common/getAllRecyclingCategories","status":"304","responseTime":"4.320"}
{"method":"GET","url":"/common/getRecySubCategoriesByCatId/1","status":"304","responseTime":"3.006"}
{"method":"GET","url":"/common/getRecySubCategoriesByCatId/1/plastic_granules.jpg","status":"403","responseTime":"0.182"}
{"method":"GET","url":"/common/getRecySubCategoriesByCatId/1/plastic_powder.jpg","status":"403","responseTime":"0.251"}
{"method":"GET","url":"/common/getRecySubCategoriesByCatId/1/plastic_granules.jpg","status":"403","responseTime":"0.523"}
{"method":"POST","url":"/consumer/addCart/1","status":"400","responseTime":"4.153"}
{"method":"POST","url":"/consumer/signin","status":"200","responseTime":"3.429"}
{"method":"GET","url":"/consumer/email?email=mk%40gmail.com","status":"304","responseTime":"4.544"}
{"method":"GET","url":"/common/getAllRecyclingCategories","status":"304","responseTime":"4.684"}
{"method":"GET","url":"/common/getRecySubCategoriesByCatId/1","status":"304","responseTime":"5.170"}
{"method":"GET","url":"/common/getRecySubCategoriesByCatId/1/plastic_granules.jpg","status":"403","responseTime":"0.418"}
{"method":"GET","url":"/common/getRecySubCategoriesByCatId/1/plastic_powder.jpg","status":"403","responseTime":"0.520"}
{"method":"POST","url":"/consumer/addcart/1","status":"400","responseTime":"2.919"}
{"method":"POST","url":"/consumer/signin","status":"200","responseTime":"15.163"}
{"method":"GET","url":"/consumer/email?email=mk%40gmail.com","status":"304","responseTime":"4.290"}
{"method":"GET","url":"/common/getAllRecyclingCategories","status":"304","responseTime":"3.934"}
{"method":"POST","url":"/consumer/signin","status":"200","responseTime":"59.580"}
{"method":"GET","url":"/consumer/email?email=mk%40gmail.com","status":"304","responseTime":"11.332"}
{"method":"GET","url":"/common/getAllRecyclingCategories","status":"304","responseTime":"7.703"}
{"method":"GET","url":"/","status":"403","responseTime":"0.307"}
{"method":"GET","url":"/","status":"403","responseTime":"0.288"}
{"method":"POST","url":"/consumer/signin","status":"200","responseTime":"29.994"}
{"method":"GET","url":"/consumer/email?email=mk%40gmail.com","status":"304","responseTime":"5.212"}
{"method":"GET","url":"/common/getAllRecyclingCategories","status":"304","responseTime":"4.749"}
{"method":"GET","url":"/","status":"403","responseTime":"0.869"}
{"method":"GET","url":"/","status":"403","responseTime":"0.280"}
{"method":"POST","url":"/consumer/signin","status":"200","responseTime":"25.656"}
{"method":"GET","url":"/consumer/email?email=mk%40gmail.com","status":"304","responseTime":"6.945"}
{"method":"GET","url":"/common/getAllRecyclingCategories","status":"304","responseTime":"6.851"}
{"method":"GET","url":"/","status":"403","responseTime":"0.330"}
{"method":"GET","url":"/","status":"403","responseTime":"0.494"}
{"method":"POST","url":"/consumer/signin","status":"200","responseTime":"9.324"}
{"method":"GET","url":"/consumer/email?email=mk%40gmail.com","status":"304","responseTime":"3.755"}
{"method":"GET","url":"/common/getAllRecyclingCategories","status":"304","responseTime":"3.699"}
{"method":"GET","url":"/","status":"403","responseTime":"0.914"}
{"method":"GET","url":"/","status":"403","responseTime":"0.573"}
{"method":"POST","url":"/consumer/signin","status":"200","responseTime":"8.739"}
{"method":"GET","url":"/consumer/email?email=mk%40gmail.com","status":"304","responseTime":"5.439"}
{"method":"GET","url":"/common/getAllRecyclingCategories","status":"304","responseTime":"4.542"}
{"method":"GET","url":"/common/getAllTrashCategories","status":"304","responseTime":"49.480"}
{"method":"POST","url":"/consumer/signin","status":"200","responseTime":"5.765"}
{"method":"GET","url":"/consumer/email?email=mk%40gmail.com","status":"304","responseTime":"3.045"}
{"method":"GET","url":"/common/getAllRecyclingCategories","status":"304","responseTime":"3.625"}
{"method":"GET","url":"/common/getAllTrashCategories","status":"304","responseTime":"3.176"}
{"method":"POST","url":"/consumer/signin","status":"200","responseTime":"3.424"}
{"method":"GET","url":"/consumer/email?email=mk%40gmail.com","status":"304","responseTime":"2.261"}
{"method":"GET","url":"/common/getAllRecyclingCategories","status":"304","responseTime":"6.976"}
{"method":"GET","url":"/common/getAllTrashCategories","status":"304","responseTime":"2.951"}
{"method":"POST","url":"/consumer/signin","status":"200","responseTime":"6.042"}
{"method":"GET","url":"/consumer/email?email=mk%40gmail.com","status":"304","responseTime":"3.367"}
{"method":"GET","url":"/common/getAllRecyclingCategories","status":"304","responseTime":"4.685"}
{"method":"GET","url":"/common/getAllTrashCategories","status":"304","responseTime":"4.852"}
{"method":"POST","url":"/consumer/signin","status":"200","responseTime":"45.560"}
{"method":"GET","url":"/consumer/email?email=mk%40gmail.com","status":"304","responseTime":"7.740"}
{"method":"GET","url":"/common/getAllRecyclingCategories","status":"304","responseTime":"6.565"}
{"method":"GET","url":"/common/getRecySubCategoriesByCatId/1","status":"304","responseTime":"14.341"}
{"method":"GET","url":"/common/getRecySubCategoriesByCatId/1/plastic_granules.jpg","status":"403","responseTime":"0.750"}
{"method":"GET","url":"/common/getRecySubCategoriesByCatId/1/plastic_powder.jpg","status":"403","responseTime":"1.757"}
{"method":"POST","url":"/consumer/signin","status":"200","responseTime":"168.555"}
{"method":"GET","url":"/consumer/email?email=mk%40gmail.com","status":"304","responseTime":"7.891"}
{"method":"GET","url":"/common/getAllRecyclingCategories","status":"304","responseTime":"13.767"}
{"method":"GET","url":"/common/getRecySubCategoriesByCatId/1","status":"304","responseTime":"15.463"}
{"method":"GET","url":"/common/getRecySubCategoriesByCatId/1/plastic_granules.jpg","status":"403","responseTime":"0.541"}
{"method":"GET","url":"/common/getRecySubCategoriesByCatId/1/plastic_powder.jpg","status":"403","responseTime":"0.390"}
{"method":"POST","url":"/consumer/addcart/1","status":"400","responseTime":"14.793"}
{"method":"POST","url":"/consumer/signin","status":"200","responseTime":"66.178"}
{"method":"GET","url":"/consumer/email?email=mk%40gmail.com","status":"304","responseTime":"7.417"}
{"method":"GET","url":"/common/getAllRecyclingCategories","status":"304","responseTime":"8.637"}
{"method":"GET","url":"/common/getRecySubCategoriesByCatId/1","status":"304","responseTime":"12.409"}
{"method":"GET","url":"/common/getRecySubCategoriesByCatId/1/plastic_granules.jpg","status":"403","responseTime":"0.580"}
{"method":"GET","url":"/common/getRecySubCategoriesByCatId/1/plastic_powder.jpg","status":"403","responseTime":"0.769"}
{"method":"GET","url":"/common/getRecySubCategoriesByCatId/1/plastic_granules.jpg","status":"403","responseTime":"0.364"}
{"method":"GET","url":"/common/getRecySubCategoriesByCatId/1/plastic_powder.jpg","status":"403","responseTime":"0.508"}
{"method":"POST","url":"/consumer/signin","status":"200","responseTime":"7.019"}
{"method":"GET","url":"/consumer/email?email=mk%40gmail.com","status":"304","responseTime":"5.356"}
{"method":"GET","url":"/common/getAllRecyclingCategories","status":"304","responseTime":"5.239"}
{"method":"GET","url":"/common/getRecySubCategoriesByCatId/1","status":"304","responseTime":"4.496"}
{"method":"GET","url":"/common/getRecySubCategoriesByCatId/1/plastic_granules.jpg","status":"403","responseTime":"0.306"}
{"method":"GET","url":"/common/getRecySubCategoriesByCatId/1/plastic_powder.jpg","status":"403","responseTime":"0.424"}
{"method":"POST","url":"/consumer/addcart/1","status":"400","responseTime":"27.855"}
{"method":"POST","url":"/consumer/signin","status":"200","responseTime":"45.482"}
{"method":"GET","url":"/consumer/email?email=mk%40gmail.com","status":"304","responseTime":"7.689"}
{"method":"GET","url":"/common/getAllRecyclingCategories","status":"304","responseTime":"8.700"}
{"method":"GET","url":"/common/getRecySubCategoriesByCatId/1","status":"304","responseTime":"6.521"}
{"method":"GET","url":"/common/getRecySubCategoriesByCatId/1/plastic_granules.jpg","status":"403","responseTime":"0.363"}
{"method":"GET","url":"/common/getRecySubCategoriesByCatId/1/plastic_powder.jpg","status":"403","responseTime":"0.421"}
{"method":"POST","url":"/consumer/addcart/1","status":"400","responseTime":"18.270"}
{"method":"POST","url":"/consumer/addcart/2","status":"400","responseTime":"11.994"}
{"method":"POST","url":"/consumer/signin","status":"200","responseTime":"58.816"}
{"method":"GET","url":"/consumer/email?email=mk%40gmail.com","status":"304","responseTime":"5.539"}
{"method":"GET","url":"/common/getAllRecyclingCategories","status":"304","responseTime":"6.762"}
{"method":"GET","url":"/common/getRecySubCategoriesByCatId/1","status":"304","responseTime":"9.171"}
{"method":"GET","url":"/common/getRecySubCategoriesByCatId/1/plastic_granules.jpg","status":"403","responseTime":"0.377"}
{"method":"GET","url":"/common/getRecySubCategoriesByCatId/1/plastic_powder.jpg","status":"403","responseTime":"0.269"}
{"method":"POST","url":"/consumer/addcart/1","status":"400","responseTime":"6.373"}
{"method":"POST","url":"/consumer/signin","status":"200","responseTime":"34.662"}
{"method":"GET","url":"/consumer/email?email=mk%40gmail.com","status":"304","responseTime":"5.447"}
{"method":"GET","url":"/common/getAllRecyclingCategories","status":"304","responseTime":"5.143"}
{"method":"GET","url":"/common/getRecySubCategoriesByCatId/1","status":"304","responseTime":"5.032"}
{"method":"GET","url":"/common/getRecySubCategoriesByCatId/1/plastic_granules.jpg","status":"403","responseTime":"0.348"}
{"method":"GET","url":"/common/getRecySubCategoriesByCatId/1/plastic_powder.jpg","status":"403","responseTime":"0.412"}
{"method":"POST","url":"/consumer/addcart/1","status":"400","responseTime":"9.097"}
{"method":"POST","url":"/consumer/signin","status":"200","responseTime":"3.572"}
{"method":"GET","url":"/consumer/email?email=mk%40gmail.com","status":"304","responseTime":"3.218"}
{"method":"GET","url":"/common/getAllRecyclingCategories","status":"304","responseTime":"3.253"}
{"method":"GET","url":"/common/getRecySubCategoriesByCatId/1","status":"304","responseTime":"2.592"}
{"method":"GET","url":"/common/getRecySubCategoriesByCatId/1/plastic_powder.jpg","status":"403","responseTime":"0.508"}
{"method":"GET","url":"/common/getRecySubCategoriesByCatId/1/plastic_granules.jpg","status":"403","responseTime":"0.229"}
{"method":"POST","url":"/consumer/signin","status":"200","responseTime":"4.181"}
{"method":"GET","url":"/consumer/email?email=mk%40gmail.com","status":"304","responseTime":"3.329"}
{"method":"GET","url":"/common/getAllRecyclingCategories","status":"304","responseTime":"3.527"}
{"method":"GET","url":"/common/getRecySubCategoriesByCatId/1","status":"304","responseTime":"7.210"}
{"method":"GET","url":"/common/getRecySubCategoriesByCatId/1/plastic_powder.jpg","status":"403","responseTime":"0.466"}
{"method":"GET","url":"/common/getRecySubCategoriesByCatId/1/plastic_granules.jpg","status":"403","responseTime":"0.404"}
{"method":"POST","url":"/consumer/signin","status":"200","responseTime":"4.217"}
{"method":"GET","url":"/consumer/email?email=mk%40gmail.com","status":"304","responseTime":"6.326"}
{"method":"GET","url":"/common/getAllRecyclingCategories","status":"304","responseTime":"3.585"}
{"method":"GET","url":"/common/getRecySubCategoriesByCatId/1","status":"304","responseTime":"3.846"}
{"method":"GET","url":"/common/getRecySubCategoriesByCatId/1/plastic_granules.jpg","status":"403","responseTime":"0.301"}
{"method":"GET","url":"/common/getRecySubCategoriesByCatId/1/plastic_powder.jpg","status":"403","responseTime":"0.363"}
{"method":"POST","url":"/consumer/addcart/1","status":"400","responseTime":"7.692"}
{"method":"POST","url":"/consumer/signin","status":"200","responseTime":"13.313"}
{"method":"GET","url":"/consumer/email?email=mk%40gmail.com","status":"304","responseTime":"2.807"}
{"method":"GET","url":"/common/getAllRecyclingCategories","status":"304","responseTime":"4.483"}
{"method":"GET","url":"/common/getRecySubCategoriesByCatId/1","status":"304","responseTime":"3.737"}
{"method":"GET","url":"/common/getRecySubCategoriesByCatId/1/plastic_granules.jpg","status":"403","responseTime":"0.583"}
{"method":"GET","url":"/common/getRecySubCategoriesByCatId/1/plastic_powder.jpg","status":"403","responseTime":"2.123"}
{"method":"POST","url":"/consumer/addcart/1","status":"400","responseTime":"3.728"}
{"method":"POST","url":"/consumer/signin","status":"200","responseTime":"3.513"}
{"method":"GET","url":"/consumer/email?email=mk%40gmail.com","status":"304","responseTime":"2.966"}
{"method":"GET","url":"/common/getAllRecyclingCategories","status":"304","responseTime":"2.710"}
{"method":"GET","url":"/common/getRecySubCategoriesByCatId/1","status":"304","responseTime":"3.585"}
{"method":"GET","url":"/common/getRecySubCategoriesByCatId/1/plastic_powder.jpg","status":"403","responseTime":"0.389"}
{"method":"GET","url":"/common/getRecySubCategoriesByCatId/1/plastic_granules.jpg","status":"403","responseTime":"0.562"}
{"method":"POST","url":"/consumer/signin","status":"200","responseTime":"4.298"}
{"method":"GET","url":"/consumer/email?email=mk%40gmail.com","status":"304","responseTime":"4.758"}
{"method":"GET","url":"/common/getAllRecyclingCategories","status":"304","responseTime":"3.256"}
{"method":"GET","url":"/common/getRecySubCategoriesByCatId/1","status":"304","responseTime":"2.809"}
{"method":"GET","url":"/common/getRecySubCategoriesByCatId/1/plastic_granules.jpg","status":"403","responseTime":"0.405"}
{"method":"GET","url":"/common/getRecySubCategoriesByCatId/1/plastic_powder.jpg","status":"403","responseTime":"0.413"}
{"method":"POST","url":"/consumer/addcart/1","status":"400","responseTime":"5.957"}
{"method":"POST","url":"/consumer/addcart/1","status":"400","responseTime":"6.254"}
{"method":"GET","url":"/","status":"403","responseTime":"0.389"}
{"method":"GET","url":"/","status":"403","responseTime":"0.314"}
{"method":"GET","url":"/common/getAllTrashCategories","status":"304","responseTime":"65.434"}
{"method":"POST","url":"/consumer/signin","status":"200","responseTime":"23.907"}
{"method":"GET","url":"/consumer/email?email=mk%40gmail.com","status":"304","responseTime":"3.326"}
{"method":"GET","url":"/common/getAllRecyclingCategories","status":"304","responseTime":"4.857"}
{"method":"GET","url":"/common/getAllTrashCategories","status":"304","responseTime":"7.584"}
{"method":"GET","url":"/common/getAllTrashCategories","status":"403","responseTime":"0.602"}
{"method":"GET","url":"/common/getAllTrashCategories","status":"200","responseTime":"2.465"}
{"method":"GET","url":"/common/getRecySubCategoriesByCatId/2","status":"304","responseTime":"21.866"}
{"method":"GET","url":"/common/getRecySubCategoriesByCatId/2/metal_sheets.jpg","status":"403","responseTime":"0.194"}
{"method":"GET","url":"/common/getRecySubCategoriesByCatId/2/metal_ingots.jpg","status":"403","responseTime":"0.336"}
{"method":"GET","url":"/","status":"403","responseTime":"0.307"}
{"method":"GET","url":"/","status":"403","responseTime":"0.328"}
{"method":"POST","url":"/consumer/signin","status":"200","responseTime":"14.550"}
{"method":"GET","url":"/consumer/email?email=mk%40gmail.com","status":"304","responseTime":"3.400"}
{"method":"GET","url":"/common/getAllRecyclingCategories","status":"304","responseTime":"5.221"}
{"method":"GET","url":"/common/getRecySubCategoriesByCatId/1","status":"304","responseTime":"6.968"}
{"method":"GET","url":"/common/getRecySubCategoriesByCatId/1/plastic_granules.jpg","status":"403","responseTime":"0.359"}
{"method":"GET","url":"/common/getRecySubCategoriesByCatId/1/plastic_powder.jpg","status":"403","responseTime":"0.343"}
{"method":"POST","url":"/consumer/addcart/1","status":"400","responseTime":"17.638"}
{"method":"GET","url":"/common/getRecySubCategoriesByCatId/7","status":"200","responseTime":"6.757"}
{"method":"GET","url":"/common/getRecySubCategoriesByCatId/7/crumb_rubber.jpg","status":"403","responseTime":"0.210"}
{"method":"GET","url":"/common/getRecySubCategoriesByCatId/7/rubber_sheets.jpg","status":"403","responseTime":"0.387"}
{"method":"GET","url":"/common/getRecySubCategoriesByCatId/5","status":"200","responseTime":"6.221"}
{"method":"GET","url":"/common/getRecySubCategoriesByCatId/5/crushed_glass.jpg","status":"403","responseTime":"0.212"}
{"method":"GET","url":"/common/getRecySubCategoriesByCatId/5/recycled_glass_powder.jpg","status":"403","responseTime":"0.129"}
{"method":"POST","url":"/consumer/addcart/9","status":"400","responseTime":"2.916"}
{"method":"POST","url":"/consumer/addcart/9","status":"400","responseTime":"5.341"}
{"method":"GET","url":"/common/getRecySubCategoriesByCatId/1","status":"304","responseTime":"25.121"}
{"method":"GET","url":"/common/getRecySubCategoriesByCatId/1/plastic_granules.jpg","status":"403","responseTime":"0.505"}
{"method":"GET","url":"/common/getRecySubCategoriesByCatId/1/plastic_powder.jpg","status":"403","responseTime":"0.429"}
{"method":"POST","url":"/consumer/addcart/1","status":"400","responseTime":"3.631"}
{"method":"GET","url":"/common/getRecySubCategoriesByCatId/2","status":"304","responseTime":"4.343"}
{"method":"GET","url":"/common/getRecySubCategoriesByCatId/2/metal_sheets.jpg","status":"403","responseTime":"0.609"}
{"method":"GET","url":"/common/getRecySubCategoriesByCatId/2/metal_ingots.jpg","status":"403","responseTime":"0.513"}
{"method":"POST","url":"/consumer/addcart/3","status":"400","responseTime":"3.750"}
{"method":"GET","url":"/common/getRecySubCategoriesByCatId/1","status":"304","responseTime":"3.217"}
{"method":"GET","url":"/common/getRecySubCategoriesByCatId/1/plastic_granules.jpg","status":"403","responseTime":"0.359"}
{"method":"GET","url":"/common/getRecySubCategoriesByCatId/1/plastic_powder.jpg","status":"403","responseTime":"0.329"}
{"method":"POST","url":"/consumer/signin","status":"200","responseTime":"55.592"}
{"method":"GET","url":"/consumer/email?email=mk%40gmail.com","status":"304","responseTime":"6.798"}
{"method":"GET","url":"/common/getAllRecyclingCategories","status":"304","responseTime":"7.257"}
{"method":"GET","url":"/common/getRecySubCategoriesByCatId/1","status":"304","responseTime":"8.617"}
{"method":"GET","url":"/common/getRecySubCategoriesByCatId/1/plastic_granules.jpg","status":"403","responseTime":"0.400"}
{"method":"GET","url":"/common/getRecySubCategoriesByCatId/1/plastic_powder.jpg","status":"403","responseTime":"0.263"}
{"method":"POST","url":"/consumer/addcart/1","status":"400","responseTime":"18.649"}
{"method":"POST","url":"/consumer/signin","status":"401","responseTime":"238.777"}
{"method":"POST","url":"/consumer/signin","status":"401","responseTime":"2.943"}
{"method":"POST","url":"/consumer/signin","status":"401","responseTime":"95.059"}
{"method":"POST","url":"/consumer/signup","status":"200","responseTime":"3604.772"}
{"method":"POST","url":"/consumer/signup","status":"200","responseTime":"2554.577"}
{"method":"POST","url":"/consumer/signup","status":"200","responseTime":"3230.761"}
{"method":"POST","url":"/consumer/signup","status":"200","responseTime":"2235.836"}
{"method":"POST","url":"/consumer/signup","status":"200","responseTime":"2320.055"}
{"method":"POST","url":"/consumer/signin","status":"401","responseTime":"22.668"}
{"method":"POST","url":"/consumer/signin","status":"401","responseTime":"2.417"}
{"method":"POST","url":"/consumer/signup","status":"200","responseTime":"2293.438"}
{"method":"POST","url":"/consumer/signup","status":"200","responseTime":"2241.838"}
{"method":"POST","url":"/consumer/signup","status":"200","responseTime":"3430.983"}
{"method":"POST","url":"/consumer/verifyEmail","status":"400","responseTime":"23.974"}
{"method":"POST","url":"/consumer/signup","status":"200","responseTime":"2356.390"}
{"method":"POST","url":"/consumer/verifyEmail","status":"400","responseTime":"1.702"}
